25-Apr-2026 13:27:29.833 INFO [main] org.apache.catalina.core.ApplicationContext.log ContextListener: contextInitialized()
25-Apr-2026 13:27:29.834 INFO [main] org.apache.catalina.core.ApplicationContext.log SessionListener: contextInitialized()
25-Apr-2026 13:27:29.837 INFO [main] org.apache.catalina.core.ApplicationContext.log ContextListener: attributeAdded('StockTicker', 'async.Stockticker@6d366c9b')
25-Apr-2026 13:27:30.254 INFO [main] org.apache.catalina.core.ApplicationContext.log SessionListener: contextDestroyed()
25-Apr-2026 13:27:30.254 INFO [main] org.apache.catalina.core.ApplicationContext.log ContextListener: contextDestroyed()
25-Apr-2026 13:56:43.009 INFO [main] org.apache.catalina.core.ApplicationContext.log ContextListener: contextInitialized()
25-Apr-2026 13:56:43.010 INFO [main] org.apache.catalina.core.ApplicationContext.log SessionListener: contextInitialized()
25-Apr-2026 13:56:43.013 INFO [main] org.apache.catalina.core.ApplicationContext.log ContextListener: attributeAdded('StockTicker', 'async.Stockticker@6d366c9b')
25-Apr-2026 13:56:43.472 INFO [main] org.apache.catalina.core.ApplicationContext.log SessionListener: contextDestroyed()
25-Apr-2026 13:56:43.473 INFO [main] org.apache.catalina.core.ApplicationContext.log ContextListener: contextDestroyed()
25-Apr-2026 17:29:18.789 INFO [main] org.apache.catalina.core.ApplicationContext.log No Spring WebApplicationInitializer types detected on classpath
25-Apr-2026 17:29:19.183 INFO [main] org.apache.catalina.core.ApplicationContext.log ContextListener: contextInitialized()
25-Apr-2026 17:29:19.183 INFO [main] org.apache.catalina.core.ApplicationContext.log SessionListener: contextInitialized()
25-Apr-2026 17:29:19.185 INFO [main] org.apache.catalina.core.ApplicationContext.log ContextListener: attributeAdded('StockTicker', 'async.Stockticker@66a3ca04')
25-Apr-2026 17:29:19.418 INFO [main] org.apache.catalina.core.ApplicationContext.log SessionListener: contextDestroyed()
25-Apr-2026 17:29:19.418 INFO [main] org.apache.catalina.core.ApplicationContext.log ContextListener: contextDestroyed()
25-Apr-2026 18:03:06.260 INFO [main] org.apache.catalina.core.ApplicationContext.log No Spring WebApplicationInitializer types detected on classpath
25-Apr-2026 18:03:11.564 INFO [main] org.apache.catalina.core.ApplicationContext.log No Spring WebApplicationInitializer types detected on classpath
25-Apr-2026 18:03:13.206 INFO [main] org.apache.catalina.core.ApplicationContext.log ContextListener: contextInitialized()
25-Apr-2026 18:03:13.207 INFO [main] org.apache.catalina.core.ApplicationContext.log SessionListener: contextInitialized()
25-Apr-2026 18:03:13.215 INFO [main] org.apache.catalina.core.ApplicationContext.log ContextListener: attributeAdded('StockTicker', 'async.Stockticker@36010af3')
25-Apr-2026 18:03:13.879 INFO [main] org.apache.catalina.core.ApplicationContext.log SessionListener: contextDestroyed()
25-Apr-2026 18:03:13.880 INFO [main] org.apache.catalina.core.ApplicationContext.log ContextListener: contextDestroyed()
25-Apr-2026 18:22:22.333 INFO [main] org.apache.catalina.core.ApplicationContext.log No Spring WebApplicationInitializer types detected on classpath
25-Apr-2026 18:22:28.187 INFO [main] org.apache.catalina.core.ApplicationContext.log No Spring WebApplicationInitializer types detected on classpath
25-Apr-2026 18:22:29.467 INFO [main] org.apache.catalina.core.ApplicationContext.log ContextListener: contextInitialized()
25-Apr-2026 18:22:29.474 INFO [main] org.apache.catalina.core.ApplicationContext.log SessionListener: contextInitialized()
25-Apr-2026 18:22:29.489 INFO [main] org.apache.catalina.core.ApplicationContext.log ContextListener: attributeAdded('StockTicker', 'async.Stockticker@2dc572fd')
25-Apr-2026 18:22:30.425 INFO [main] org.apache.catalina.core.ApplicationContext.log SessionListener: contextDestroyed()
25-Apr-2026 18:22:30.427 INFO [main] org.apache.catalina.core.ApplicationContext.log ContextListener: contextDestroyed()
