26-Apr-2026 13:46:28.571 INFO [main] org.apache.catalina.startup.VersionLoggerListener.log Server version name:   Apache Tomcat/9.0.117
26-Apr-2026 13:46:28.578 INFO [main] org.apache.catalina.startup.VersionLoggerListener.log Server built:          Mar 30 2026 18:21:16 UTC
26-Apr-2026 13:46:28.578 INFO [main] org.apache.catalina.startup.VersionLoggerListener.log Server version number: 9.0.117.0
26-Apr-2026 13:46:28.578 INFO [main] org.apache.catalina.startup.VersionLoggerListener.log OS Name:               Linux
26-Apr-2026 13:46:28.579 INFO [main] org.apache.catalina.startup.VersionLoggerListener.log OS Version:            5.15.0-139-generic
26-Apr-2026 13:46:28.579 INFO [main] org.apache.catalina.startup.VersionLoggerListener.log Architecture:          amd64
26-Apr-2026 13:46:28.579 INFO [main] org.apache.catalina.startup.VersionLoggerListener.log Java Home:             /usr/lib/jvm/java-21-openjdk-amd64
26-Apr-2026 13:46:28.579 INFO [main] org.apache.catalina.startup.VersionLoggerListener.log JVM Version:           21.0.7+6-Ubuntu-0ubuntu120.04
26-Apr-2026 13:46:28.580 INFO [main] org.apache.catalina.startup.VersionLoggerListener.log JVM Vendor:            Ubuntu
26-Apr-2026 13:46:28.580 INFO [main] org.apache.catalina.startup.VersionLoggerListener.log CATALINA_BASE:         /home/gousia/Desktop/tomcat/tomcat4
26-Apr-2026 13:46:28.581 INFO [main] org.apache.catalina.startup.VersionLoggerListener.log CATALINA_HOME:         /home/gousia/Desktop/tomcat/tomcat4
26-Apr-2026 13:46:28.590 INFO [main] org.apache.catalina.startup.VersionLoggerListener.log Command line argument: --add-opens=java.base/java.lang=ALL-UNNAMED
26-Apr-2026 13:46:28.590 INFO [main] org.apache.catalina.startup.VersionLoggerListener.log Command line argument: --add-opens=java.base/java.lang.invoke=ALL-UNNAMED
26-Apr-2026 13:46:28.590 INFO [main] org.apache.catalina.startup.VersionLoggerListener.log Command line argument: --add-opens=java.base/java.lang.reflect=ALL-UNNAMED
26-Apr-2026 13:46:28.591 INFO [main] org.apache.catalina.startup.VersionLoggerListener.log Command line argument: --add-opens=java.base/java.io=ALL-UNNAMED
26-Apr-2026 13:46:28.591 INFO [main] org.apache.catalina.startup.VersionLoggerListener.log Command line argument: --add-opens=java.base/java.util=ALL-UNNAMED
26-Apr-2026 13:46:28.591 INFO [main] org.apache.catalina.startup.VersionLoggerListener.log Command line argument: --add-opens=java.base/java.util.concurrent=ALL-UNNAMED
26-Apr-2026 13:46:28.591 INFO [main] org.apache.catalina.startup.VersionLoggerListener.log Command line argument: --add-opens=java.rmi/sun.rmi.transport=ALL-UNNAMED
26-Apr-2026 13:46:28.591 INFO [main] org.apache.catalina.startup.VersionLoggerListener.log Command line argument: -Djava.util.logging.config.file=/home/gousia/Desktop/tomcat/tomcat4/conf/logging.properties
26-Apr-2026 13:46:28.592 INFO [main] org.apache.catalina.startup.VersionLoggerListener.log Command line argument: -Djava.util.logging.manager=org.apache.juli.ClassLoaderLogManager
26-Apr-2026 13:46:28.592 INFO [main] org.apache.catalina.startup.VersionLoggerListener.log Command line argument: -Djdk.tls.ephemeralDHKeySize=2048
26-Apr-2026 13:46:28.592 INFO [main] org.apache.catalina.startup.VersionLoggerListener.log Command line argument: -Djava.protocol.handler.pkgs=org.apache.catalina.webresources
26-Apr-2026 13:46:28.592 INFO [main] org.apache.catalina.startup.VersionLoggerListener.log Command line argument: -Dsun.io.useCanonCaches=false
26-Apr-2026 13:46:28.593 INFO [main] org.apache.catalina.startup.VersionLoggerListener.log Command line argument: -Dorg.apache.catalina.security.SecurityListener.UMASK=0027
26-Apr-2026 13:46:28.593 INFO [main] org.apache.catalina.startup.VersionLoggerListener.log Command line argument: -Dignore.endorsed.dirs=
26-Apr-2026 13:46:28.593 INFO [main] org.apache.catalina.startup.VersionLoggerListener.log Command line argument: -Dcatalina.base=/home/gousia/Desktop/tomcat/tomcat4
26-Apr-2026 13:46:28.593 INFO [main] org.apache.catalina.startup.VersionLoggerListener.log Command line argument: -Dcatalina.home=/home/gousia/Desktop/tomcat/tomcat4
26-Apr-2026 13:46:28.593 INFO [main] org.apache.catalina.startup.VersionLoggerListener.log Command line argument: -Djava.io.tmpdir=/home/gousia/Desktop/tomcat/tomcat4/temp
26-Apr-2026 13:46:28.597 INFO [main] org.apache.catalina.core.AprLifecycleListener.lifecycleEvent The Apache Tomcat Native library which allows using OpenSSL was not found on the java.library.path: [/usr/java/packages/lib:/usr/lib/x86_64-linux-gnu/jni:/lib/x86_64-linux-gnu:/usr/lib/x86_64-linux-gnu:/usr/lib/jni:/lib:/usr/lib]
26-Apr-2026 13:46:29.156 INFO [main] org.apache.coyote.AbstractProtocol.init Initializing ProtocolHandler ["http-nio-8085"]
26-Apr-2026 13:46:29.191 INFO [main] org.apache.catalina.startup.Catalina.load Server initialization in [857] milliseconds
26-Apr-2026 13:46:29.256 INFO [main] org.apache.catalina.core.StandardService.startInternal Starting service [Catalina]
26-Apr-2026 13:46:29.256 INFO [main] org.apache.catalina.core.StandardEngine.startInternal Starting Servlet engine: [Apache Tomcat/9.0.117]
26-Apr-2026 13:46:29.273 INFO [main] org.apache.catalina.startup.HostConfig.deployDirectory Deploying web application directory [/home/gousia/Desktop/tomcat/tomcat4/webapps/examples]
26-Apr-2026 13:46:30.198 INFO [main] org.apache.catalina.startup.HostConfig.deployDirectory Deployment of web application directory [/home/gousia/Desktop/tomcat/tomcat4/webapps/examples] has finished in [924] ms
26-Apr-2026 13:46:30.198 INFO [main] org.apache.catalina.startup.HostConfig.deployDirectory Deploying web application directory [/home/gousia/Desktop/tomcat/tomcat4/webapps/host-manager]
26-Apr-2026 13:46:30.260 INFO [main] org.apache.catalina.startup.HostConfig.deployDirectory Deployment of web application directory [/home/gousia/Desktop/tomcat/tomcat4/webapps/host-manager] has finished in [62] ms
26-Apr-2026 13:46:30.261 INFO [main] org.apache.catalina.startup.HostConfig.deployDirectory Deploying web application directory [/home/gousia/Desktop/tomcat/tomcat4/webapps/manager]
26-Apr-2026 13:46:30.301 INFO [main] org.apache.catalina.startup.HostConfig.deployDirectory Deployment of web application directory [/home/gousia/Desktop/tomcat/tomcat4/webapps/manager] has finished in [41] ms
26-Apr-2026 13:46:30.303 INFO [main] org.apache.catalina.startup.HostConfig.deployDirectory Deploying web application directory [/home/gousia/Desktop/tomcat/tomcat4/webapps/docs]
26-Apr-2026 13:46:30.347 INFO [main] org.apache.catalina.startup.HostConfig.deployDirectory Deployment of web application directory [/home/gousia/Desktop/tomcat/tomcat4/webapps/docs] has finished in [44] ms
26-Apr-2026 13:46:30.347 INFO [main] org.apache.catalina.startup.HostConfig.deployDirectory Deploying web application directory [/home/gousia/Desktop/tomcat/tomcat4/webapps/ROOT]
26-Apr-2026 13:46:30.388 INFO [main] org.apache.catalina.startup.HostConfig.deployDirectory Deployment of web application directory [/home/gousia/Desktop/tomcat/tomcat4/webapps/ROOT] has finished in [40] ms
26-Apr-2026 13:46:30.398 INFO [main] org.apache.coyote.AbstractProtocol.start Starting ProtocolHandler ["http-nio-8085"]
26-Apr-2026 13:46:30.421 INFO [main] org.apache.catalina.startup.Catalina.start Server startup in [1226] milliseconds
26-Apr-2026 14:14:51.010 INFO [Catalina-utility-2] org.apache.catalina.users.MemoryUserDatabase.backgroundProcess Reloading memory user database [UserDatabase] from updated source [file:/home/gousia/Desktop/tomcat/tomcat4/conf/tomcat-users.xml]
